2025-05-16 01:39:05,362 - INFO - patching driver executable C:\Users\SIAM\appdata\roaming\undetected_chromedriver\undetected_chromedriver.exe
2025-05-16 01:39:06,382 - INFO - Starting security scan for: http://119.148.8.225:9381/admission/
2025-05-16 01:39:20,690 - ERROR - Error in XSS check: Message: stale element reference: stale element not found
  (Session info: chrome=136.0.7103.93); For documentation on this error, please visit: https://www.selenium.dev/documentation/webdriver/troubleshooting/errors#stale-element-reference-exception
Stacktrace:
	GetHandleVerifier [0x0074FC83+61635]
	GetHandleVerifier [0x0074FCC4+61700]
	(No symbol) [0x005705D3]
	(No symbol) [0x00582061]
	(No symbol) [0x00581140]
	(No symbol) [0x00577880]
	(No symbol) [0x0057795C]
	(No symbol) [0x00575D81]
	(No symbol) [0x00579335]
	(No symbol) [0x005FF531]
	(No symbol) [0x005DD29C]
	(No symbol) [0x005FE61B]
	(No symbol) [0x005DD096]
	(No symbol) [0x005AC840]
	(No symbol) [0x005AD6A4]
	GetHandleVerifier [0x009D45A3+2701795]
	GetHandleVerifier [0x009CFD26+2683238]
	GetHandleVerifier [0x009EAA6E+2793134]
	GetHandleVerifier [0x00766945+155013]
	GetHandleVerifier [0x0076D02D+181357]
	GetHandleVerifier [0x007574D8+92440]
	GetHandleVerifier [0x00757680+92864]
	GetHandleVerifier [0x00742070+5296]
	BaseThreadInitThunk [0x7619FCC9+25]
	RtlGetAppContainerNamedObjectPath [0x772282AE+286]
	RtlGetAppContainerNamedObjectPath [0x7722827E+238]

2025-05-16 01:41:24,003 - ERROR - Error in XSS check: Message: stale element reference: stale element not found
  (Session info: chrome=136.0.7103.93); For documentation on this error, please visit: https://www.selenium.dev/documentation/webdriver/troubleshooting/errors#stale-element-reference-exception
Stacktrace:
	GetHandleVerifier [0x0074FC83+61635]
	GetHandleVerifier [0x0074FCC4+61700]
	(No symbol) [0x005705D3]
	(No symbol) [0x00582061]
	(No symbol) [0x00581140]
	(No symbol) [0x00577880]
	(No symbol) [0x0057795C]
	(No symbol) [0x00575D81]
	(No symbol) [0x00579335]
	(No symbol) [0x005FF531]
	(No symbol) [0x005DD29C]
	(No symbol) [0x005FE61B]
	(No symbol) [0x005DD096]
	(No symbol) [0x005AC840]
	(No symbol) [0x005AD6A4]
	GetHandleVerifier [0x009D45A3+2701795]
	GetHandleVerifier [0x009CFD26+2683238]
	GetHandleVerifier [0x009EAA6E+2793134]
	GetHandleVerifier [0x00766945+155013]
	GetHandleVerifier [0x0076D02D+181357]
	GetHandleVerifier [0x007574D8+92440]
	GetHandleVerifier [0x00757680+92864]
	GetHandleVerifier [0x00742070+5296]
	BaseThreadInitThunk [0x7619FCC9+25]
	RtlGetAppContainerNamedObjectPath [0x772282AE+286]
	RtlGetAppContainerNamedObjectPath [0x7722827E+238]

2025-05-16 01:44:01,537 - ERROR - Error in XSS check: Message: stale element reference: stale element not found
  (Session info: chrome=136.0.7103.93); For documentation on this error, please visit: https://www.selenium.dev/documentation/webdriver/troubleshooting/errors#stale-element-reference-exception
Stacktrace:
	GetHandleVerifier [0x0074FC83+61635]
	GetHandleVerifier [0x0074FCC4+61700]
	(No symbol) [0x005705D3]
	(No symbol) [0x00582061]
	(No symbol) [0x00581140]
	(No symbol) [0x00577880]
	(No symbol) [0x0057795C]
	(No symbol) [0x00575D81]
	(No symbol) [0x00579335]
	(No symbol) [0x005FF531]
	(No symbol) [0x005DD29C]
	(No symbol) [0x005FE61B]
	(No symbol) [0x005DD096]
	(No symbol) [0x005AC840]
	(No symbol) [0x005AD6A4]
	GetHandleVerifier [0x009D45A3+2701795]
	GetHandleVerifier [0x009CFD26+2683238]
	GetHandleVerifier [0x009EAA6E+2793134]
	GetHandleVerifier [0x00766945+155013]
	GetHandleVerifier [0x0076D02D+181357]
	GetHandleVerifier [0x007574D8+92440]
	GetHandleVerifier [0x00757680+92864]
	GetHandleVerifier [0x00742070+5296]
	BaseThreadInitThunk [0x7619FCC9+25]
	RtlGetAppContainerNamedObjectPath [0x772282AE+286]
	RtlGetAppContainerNamedObjectPath [0x7722827E+238]

